.edge 0 1
.edge 0 2
.edge 0 15
.edge 0 22
.edge 0 57
.edge 1 7
.edge 1 27
.edge 1 33
.edge 1 86
.edge 1 96
.edge 2 3
.edge 2 4
.edge 2 8
.edge 2 10
.edge 2 17
.edge 2 31
.edge 2 38
.edge 2 58
.edge 2 64
.edge 2 90
.edge 15 28
.edge 22 20
.edge 22 36
.edge 22 72
.edge 22 84
.edge 57 54
.edge 7 65
.edge 7 73
.edge 27 75
.edge 27 85
.edge 27 93
.edge 33 56
.edge 33 82
.edge 33 99
.edge 4 5
.edge 4 16
.edge 4 19
.edge 4 71
.edge 8 0
.edge 8 9
.edge 8 13
.edge 8 63
.edge 8 68
.edge 8 70
.edge 10 11
.edge 10 14
.edge 10 23
.edge 17 69
.edge 31 25
.edge 31 37
.edge 31 67
.edge 38 6
.edge 90 61
.edge 28 35
.edge 28 50
.edge 28 52
.edge 28 77
.edge 36 12
.edge 36 30
.edge 36 39
.edge 65 45
.edge 73 55
.edge 73 92
.edge 93 29
.edge 82 40
.edge 82 89
.edge 5 18
.edge 5 26
.edge 5 34
.edge 16 21
.edge 16 41
.edge 16 47
.edge 9 46
.edge 9 98
.edge 13 32
.edge 70 79
.edge 14 24
.edge 14 59
.edge 14 87
.edge 23 80
.edge 25 48
.edge 37 49
.edge 67 97
.edge 61 66
.edge 35 53
.edge 50 91
.edge 52 88
.edge 30 76
.edge 39 74
.edge 45 42
.edge 55 62
.edge 29 43
.edge 18 51
.edge 21 95
.edge 41 44
.edge 47 78
